[debug] [2021-05-12T01:35:25.321Z] ----------------------------------------------------------------------
[debug] [2021-05-12T01:35:25.323Z] Command:       D:\Programas\Node.js\node.exe C:\Users\Aldec\AppData\Roaming\npm\node_modules\firebase-tools\lib\bin\firebase.js init
[debug] [2021-05-12T01:35:25.323Z] CLI Version:   9.10.2
[debug] [2021-05-12T01:35:25.323Z] Platform:      win32
[debug] [2021-05-12T01:35:25.324Z] Node Version:  v14.16.1
[debug] [2021-05-12T01:35:25.325Z] Time:          Tue May 11 2021 22:35:25 GMT-0300 (hora estándar de Argentina)
[debug] [2021-05-12T01:35:25.325Z] ----------------------------------------------------------------------
[debug] 
[debug] [2021-05-12T01:35:25.332Z] > command requires scopes: ["email","openid","https://www.googleapis.com/auth/cloudplatformprojects.readonly","https://www.googleapis.com/auth/firebase","https://www.googleapis.com/auth/cloud-platform"]
[debug] [2021-05-12T01:35:25.332Z] > authorizing via signed-in user (luuuchho@gmail.com)
[info] 
     ######## #### ########  ######## ########     ###     ######  ########
     ##        ##  ##     ## ##       ##     ##  ##   ##  ##       ##
     ######    ##  ########  ######   ########  #########  ######  ######
     ##        ##  ##    ##  ##       ##     ## ##     ##       ## ##
     ##       #### ##     ## ######## ########  ##     ##  ######  ########

You're about to initialize a Firebase project in this directory:

  C:\Cursos\Angular\proyecto-aplicacion-produccion-angular

Before we get started, keep in mind:

  * You are currently outside your home directory
  * You are initializing in an existing Firebase project directory

[info] 
=== Project Setup
[info] 
[info] First, let's associate this project directory with a Firebase project.
[info] You can create multiple project aliases by running firebase use --add, 
[info] but for now we'll just set up a default project.
[info] 
[info] i  .firebaserc already has a default project, using control-clientes-fba37. 
[debug] [2021-05-12T01:35:35.355Z] >>> [apiv2][query] GET https://firebase.googleapis.com/v1beta1/projects/control-clientes-fba37 [none]
[debug] [2021-05-12T01:35:35.767Z] <<< [apiv2][status] GET https://firebase.googleapis.com/v1beta1/projects/control-clientes-fba37 403
[debug] [2021-05-12T01:35:35.768Z] <<< [apiv2][body] GET https://firebase.googleapis.com/v1beta1/projects/control-clientes-fba37 {"error":{"code":403,"message":"The caller does not have permission","status":"PERMISSION_DENIED"}}
[debug] [2021-05-12T01:35:35.768Z] HTTP Error: 403, The caller does not have permission
[debug] [2021-05-12T01:35:35.769Z] FirebaseError: HTTP Error: 403, The caller does not have permission
    at module.exports (C:\Users\Aldec\AppData\Roaming\npm\node_modules\firebase-tools\lib\responseToError.js:38:12)
    at Client.doRequest (C:\Users\Aldec\AppData\Roaming\npm\node_modules\firebase-tools\lib\apiv2.js:238:23)
    at processTicksAndRejections (internal/process/task_queues.js:93:5)
    at async Client.request (C:\Users\Aldec\AppData\Roaming\npm\node_modules\firebase-tools\lib\apiv2.js:96:20)
    at async Object.getFirebaseProject (C:\Users\Aldec\AppData\Roaming\npm\node_modules\firebase-tools\lib\management\projects.js:290:21)
    at async Object.doSetup [as project] (C:\Users\Aldec\AppData\Roaming\npm\node_modules\firebase-tools\lib\init\features\project.js:77:27)
    at async init (C:\Users\Aldec\AppData\Roaming\npm\node_modules\firebase-tools\lib\init\index.js:19:9)
[error] 
[error] Error: Failed to get Firebase project control-clientes-fba37. Please make sure the project exists and your account has permission to access it.
[debug] [2021-05-12T01:35:54.873Z] ----------------------------------------------------------------------
[debug] [2021-05-12T01:35:54.876Z] Command:       D:\Programas\Node.js\node.exe C:\Users\Aldec\AppData\Roaming\npm\node_modules\firebase-tools\lib\bin\firebase.js deploy
[debug] [2021-05-12T01:35:54.876Z] CLI Version:   9.10.2
[debug] [2021-05-12T01:35:54.876Z] Platform:      win32
[debug] [2021-05-12T01:35:54.876Z] Node Version:  v14.16.1
[debug] [2021-05-12T01:35:54.877Z] Time:          Tue May 11 2021 22:35:54 GMT-0300 (hora estándar de Argentina)
[debug] [2021-05-12T01:35:54.878Z] ----------------------------------------------------------------------
[debug] 
[debug] [2021-05-12T01:35:54.886Z] > command requires scopes: ["email","openid","https://www.googleapis.com/auth/cloudplatformprojects.readonly","https://www.googleapis.com/auth/firebase","https://www.googleapis.com/auth/cloud-platform"]
[debug] [2021-05-12T01:35:54.887Z] > authorizing via signed-in user (luuuchho@gmail.com)
[debug] [2021-05-12T01:35:54.887Z] [iam] checking project control-clientes-fba37 for permissions ["datastore.indexes.create","datastore.indexes.delete","datastore.indexes.list","datastore.indexes.update","firebase.projects.get","firebasehosting.sites.update"]
[debug] [2021-05-12T01:35:54.889Z] > refreshing access token with scopes: ["email","https://www.googleapis.com/auth/cloud-platform","https://www.googleapis.com/auth/cloudplatformprojects.readonly","https://www.googleapis.com/auth/firebase","openid"]
[debug] [2021-05-12T01:35:54.890Z] >>> HTTP REQUEST POST https://www.googleapis.com/oauth2/v3/token  
 <request body omitted>
[debug] [2021-05-12T01:35:56.114Z] <<< HTTP RESPONSE 200 {"date":"Wed, 12 May 2021 01:35:56 GMT","cache-control":"no-cache, no-store, max-age=0, must-revalidate","expires":"Mon, 01 Jan 1990 00:00:00 GMT","pragma":"no-cache","content-type":"application/json; charset=utf-8","vary":"X-Origin, Referer, Origin,Accept-Encoding","server":"scaffolding on HTTPServer2","x-xss-protection":"0","x-frame-options":"SAMEORIGIN","x-content-type-options":"nosniff","alt-svc":"h3-29=\":443\"; ma=2592000,h3-T051=\":443\"; ma=2592000,h3-Q050=\":443\"; ma=2592000,h3-Q046=\":443\"; ma=2592000,h3-Q043=\":443\"; ma=2592000,quic=\":443\"; ma=2592000; v=\"46,43\"","accept-ranges":"none","transfer-encoding":"chunked"}
[debug] [2021-05-12T01:35:56.132Z] >>> HTTP REQUEST POST https://cloudresourcemanager.googleapis.com/v1/projects/control-clientes-fba37:testIamPermissions  
 {"permissions":["datastore.indexes.create","datastore.indexes.delete","datastore.indexes.list","datastore.indexes.update","firebase.projects.get","firebasehosting.sites.update"]}
[debug] [2021-05-12T01:35:57.237Z] <<< HTTP RESPONSE 200 {"content-type":"application/json; charset=UTF-8","vary":"X-Origin, Referer, Origin,Accept-Encoding","date":"Wed, 12 May 2021 01:35:57 GMT","server":"ESF","cache-control":"private","x-xss-protection":"0","x-frame-options":"SAMEORIGIN","x-content-type-options":"nosniff","server-timing":"gfet4t7; dur=979","alt-svc":"h3-29=\":443\"; ma=2592000,h3-T051=\":443\"; ma=2592000,h3-Q050=\":443\"; ma=2592000,h3-Q046=\":443\"; ma=2592000,h3-Q043=\":443\"; ma=2592000,quic=\":443\"; ma=2592000; v=\"46,43\"","accept-ranges":"none","transfer-encoding":"chunked"}
[debug] [2021-05-12T01:35:57.237Z] [iam] error while checking permissions, command may fail: FirebaseError: Authorization failed. This account is missing the following required permissions on project control-clientes-fba37:

  datastore.indexes.create
  datastore.indexes.delete
  datastore.indexes.list
  datastore.indexes.update
  firebase.projects.get
  firebasehosting.sites.update
[debug] [2021-05-12T01:35:57.238Z] > refreshing access token with scopes: []
[debug] [2021-05-12T01:35:57.239Z] >>> HTTP REQUEST POST https://www.googleapis.com/oauth2/v3/token  
 <request body omitted>
[debug] [2021-05-12T01:35:57.369Z] <<< HTTP RESPONSE 200 {"pragma":"no-cache","cache-control":"no-cache, no-store, max-age=0, must-revalidate","date":"Wed, 12 May 2021 01:35:57 GMT","expires":"Mon, 01 Jan 1990 00:00:00 GMT","content-type":"application/json; charset=utf-8","vary":"X-Origin, Referer, Origin,Accept-Encoding","server":"scaffolding on HTTPServer2","x-xss-protection":"0","x-frame-options":"SAMEORIGIN","x-content-type-options":"nosniff","alt-svc":"h3-29=\":443\"; ma=2592000,h3-T051=\":443\"; ma=2592000,h3-Q050=\":443\"; ma=2592000,h3-Q046=\":443\"; ma=2592000,h3-Q043=\":443\"; ma=2592000,quic=\":443\"; ma=2592000; v=\"46,43\"","accept-ranges":"none","transfer-encoding":"chunked"}
[debug] [2021-05-12T01:35:57.387Z] >>> [apiv2][query] GET https://firebase.googleapis.com/v1beta1/projects/control-clientes-fba37 [none]
[debug] [2021-05-12T01:35:57.767Z] <<< [apiv2][status] GET https://firebase.googleapis.com/v1beta1/projects/control-clientes-fba37 403
[debug] [2021-05-12T01:35:57.767Z] <<< [apiv2][body] GET https://firebase.googleapis.com/v1beta1/projects/control-clientes-fba37 {"error":{"code":403,"message":"The caller does not have permission","status":"PERMISSION_DENIED"}}
[debug] [2021-05-12T01:35:57.768Z] HTTP Error: 403, The caller does not have permission
[debug] [2021-05-12T01:35:57.769Z] FirebaseError: HTTP Error: 403, The caller does not have permission
    at module.exports (C:\Users\Aldec\AppData\Roaming\npm\node_modules\firebase-tools\lib\responseToError.js:38:12)
    at Client.doRequest (C:\Users\Aldec\AppData\Roaming\npm\node_modules\firebase-tools\lib\apiv2.js:238:23)
    at processTicksAndRejections (internal/process/task_queues.js:93:5)
    at async Client.request (C:\Users\Aldec\AppData\Roaming\npm\node_modules\firebase-tools\lib\apiv2.js:96:20)
    at async Object.getFirebaseProject (C:\Users\Aldec\AppData\Roaming\npm\node_modules\firebase-tools\lib\management\projects.js:290:21)
    at async Object.getDefaultHostingSite (C:\Users\Aldec\AppData\Roaming\npm\node_modules\firebase-tools\lib\getDefaultHostingSite.js:8:21)
    at async requireHostingSite (C:\Users\Aldec\AppData\Roaming\npm\node_modules\firebase-tools\lib\requireHostingSite.js:9:18)
    at async Object.fn (C:\Users\Aldec\AppData\Roaming\npm\node_modules\firebase-tools\lib\commands\deploy.js:66:9)
    at async C:\Users\Aldec\AppData\Roaming\npm\node_modules\firebase-tools\lib\command.js:169:17
[error] 
[error] Error: Failed to get Firebase project control-clientes-fba37. Please make sure the project exists and your account has permission to access it.
